H.sapiens_DDB1_DNA_damagebinding_protein_1	100.000	1140	0	0	0.0	2361	H.sapiens_DDB1_DNA_damagebinding_protein_1
F.catus_DDB1_DNA_damagebinding_protein_1_isoform_X2	99.912	1140	1	0	0.0	2359	F.catus_DDB1_DNA_damagebinding_protein_1_isoform_X2
E.caballus_DDB1_DNA_damagebinding_protein_1	99.649	1140	4	0	0.0	2352	E.caballus_DDB1_DNA_damagebinding_protein_1
C.mydas_DDB1_DNA_damagebinding_protein_1	97.719	1140	26	0	0.0	2310	C.mydas_DDB1_DNA_damagebinding_protein_1
G.gallus_DDB1_DNA_damagebinding_protein_1	97.105	1140	33	0	0.0	2297	G.gallus_DDB1_DNA_damagebinding_protein_1
S.townsendi_DDB1_DNA_damagebinding_protein_1	96.579	1140	39	0	0.0	2284	S.townsendi_DDB1_DNA_damagebinding_protein_1
C.carcharias_ddb1_DNA_damagebinding_protein_1	92.982	1140	80	0	0.0	2222	C.carcharias_ddb1_DNA_damagebinding_protein_1
X.laevis_ddb1.S_DNA_damagebinding_protein_1	93.421	1140	75	0	0.0	2218	X.laevis_ddb1.S_DNA_damagebinding_protein_1
S.salar_ddb1_DNA_damagebinding_protein_1	91.053	1140	101	1	0.0	2160	S.salar_ddb1_DNA_damagebinding_protein_1
S.salar_LOC106561926_DNA_damagebinding_protein_1_isoform_X1	90.877	1140	103	1	0.0	2155	S.salar_LOC106561926_DNA_damagebinding_protein_1_isoform_X1
G.aculeatus_ddb1_DNA_damagebinding_protein_1	90.351	1140	109	1	0.0	2136	G.aculeatus_ddb1_DNA_damagebinding_protein_1
D.rerio_ddb1_DNA_damagebinding_protein_1	86.192	898	73	2	0.0	1587	D.rerio_ddb1_DNA_damagebinding_protein_1
G.aculeatus_sf3b3_splicing_factor_3B_subunit_3	23.071	1231	787	39	7.14e-57	218	G.aculeatus_sf3b3_splicing_factor_3B_subunit_3
G.gallus_SF3B3_splicing_factor_3B_subunit_3	23.064	1227	792	39	1.75e-56	217	G.gallus_SF3B3_splicing_factor_3B_subunit_3
S.salar_sf3b3_splicing_factor_3B_subunit_3	22.901	1227	794	37	3.08e-56	216	S.salar_sf3b3_splicing_factor_3B_subunit_3
X.laevis_sf3b3.L_splicing_factor_3B_subunit_3	23.127	1228	790	40	3.69e-56	216	X.laevis_sf3b3.L_splicing_factor_3B_subunit_3
F.catus_SF3B3_splicing_factor_3B_subunit_3	22.983	1227	793	39	4.55e-56	216	F.catus_SF3B3_splicing_factor_3B_subunit_3
E.caballus_SF3B3_splicing_factor_3B_subunit_3	22.983	1227	793	39	4.55e-56	216	E.caballus_SF3B3_splicing_factor_3B_subunit_3
H.sapiens_SF3B3_splicing_factor_3B_subunit_3	23.190	1229	788	40	6.36e-56	215	H.sapiens_SF3B3_splicing_factor_3B_subunit_3
D.rerio_sf3b3_splicing_factor_3B_subunit_3	22.920	1226	795	37	1.71e-55	214	D.rerio_sf3b3_splicing_factor_3B_subunit_3
S.townsendi_SF3B3_splicing_factor_3B_subunit_3	23.064	1227	792	39	1.79e-55	214	S.townsendi_SF3B3_splicing_factor_3B_subunit_3
X.laevis_sf3b3.S_splicing_factor_3B_subunit_3	23.127	1228	790	40	6.32e-55	212	X.laevis_sf3b3.S_splicing_factor_3B_subunit_3
C.mydas_SF3B3_splicing_factor_3B_subunit_3	23.295	1232	783	41	9.71e-55	212	C.mydas_SF3B3_splicing_factor_3B_subunit_3
C.carcharias_sf3b3_splicing_factor_3B_subunit_3	22.920	1226	795	41	4.73e-54	209	C.carcharias_sf3b3_splicing_factor_3B_subunit_3
X.laevis_LOC108719780_cleavage_and_polyadenylation_specificity_fa	25.150	334	203	11	5.61e-18	93.6	X.laevis_LOC108719780_cleavage_and_polyadenylation_specificity_fa
D.rerio_cpsf1_cleavage_and_polyadenylation_specificity_factor_sub	23.926	326	218	8	6.73e-18	93.2	D.rerio_cpsf1_cleavage_and_polyadenylation_specificity_factor_sub
G.aculeatus_cpsf1_cleavage_and_polyadenylation_specificity_factor	24.540	326	216	8	1.21e-16	89.4	G.aculeatus_cpsf1_cleavage_and_polyadenylation_specificity_factor
X.laevis_cpsf1.L_cleavage_and_polyadenylation_specificity_factor_	24.540	326	215	9	3.63e-16	87.8	X.laevis_cpsf1.L_cleavage_and_polyadenylation_specificity_factor_
S.salar_LOC106570221_cleavage_and_polyadenylation_specificity_fac	23.926	326	218	8	3.67e-16	87.8	S.salar_LOC106570221_cleavage_and_polyadenylation_specificity_fac
H.sapiens_CPSF1_cleavage_and_polyadenylation_specificity_factor_s	24.159	327	214	10	3.78e-15	84.3	H.sapiens_CPSF1_cleavage_and_polyadenylation_specificity_factor_s
H.sapiens_CPSF1_cleavage_and_polyadenylation_specificity_factor_s	24.159	327	214	10	3.78e-15	84.3	H.sapiens_CPSF1_cleavage_and_polyadenylation_specificity_factor_s
E.caballus_CPSF1_cleavage_and_polyadenylation_specificity_factor_	23.708	329	213	9	2.02e-14	82.0	E.caballus_CPSF1_cleavage_and_polyadenylation_specificity_factor_
F.catus_CPSF1_cleavage_and_polyadenylation_specificity_factor_sub	24.415	299	194	8	3.14e-14	81.3	F.catus_CPSF1_cleavage_and_polyadenylation_specificity_factor_sub
S.salar_LOC106588592_cleavage_and_polyadenylation_specificity_fac	24.233	326	217	8	1.22e-13	79.3	S.salar_LOC106588592_cleavage_and_polyadenylation_specificity_fac
C.mydas_CPSF1_cleavage_and_polyadenylation_specificity_factor_sub	23.203	306	211	7	1.66e-13	79.0	C.mydas_CPSF1_cleavage_and_polyadenylation_specificity_factor_sub
C.carcharias_cpsf1_cleavage_and_polyadenylation_specificity_facto	23.203	306	211	7	2.75e-13	78.2	C.carcharias_cpsf1_cleavage_and_polyadenylation_specificity_facto
G.gallus_CPSF1_cleavage_and_polyadenylation_specificity_factor_su	24.684	158	104	4	2.88e-05	51.2	G.gallus_CPSF1_cleavage_and_polyadenylation_specificity_factor_su
S.salar_LOC106613051_tubulin_beta_chainlike_isoform_X1	31.395	86	56	1	4.4	34.7	S.salar_LOC106613051_tubulin_beta_chainlike_isoform_X1
H.sapiens_ANKRD26_ankyrin_repeat_domaincontaining_protein_26_isof	26.056	142	77	6	4.8	35.0	H.sapiens_ANKRD26_ankyrin_repeat_domaincontaining_protein_26_isof
C.carcharias_mideasb_mitotic_deacetylaseassociated_SANT_domain_pr	28.866	97	59	3	8.6	33.9	C.carcharias_mideasb_mitotic_deacetylaseassociated_SANT_domain_pr
G.gallus_LOC121112980_cleavage_and_polyadenylation_specificity_fa	19.620	158	107	3	9.0	33.1	G.gallus_LOC121112980_cleavage_and_polyadenylation_specificity_fa
