H.sapiens_DDB1_DNA_damagebinding_protein_1
F.catus_DDB1_DNA_damagebinding_protein_1_isoform_X2
E.caballus_DDB1_DNA_damagebinding_protein_1
C.mydas_DDB1_DNA_damagebinding_protein_1
G.gallus_DDB1_DNA_damagebinding_protein_1
S.townsendi_DDB1_DNA_damagebinding_protein_1
C.carcharias_ddb1_DNA_damagebinding_protein_1
X.laevis_ddb1.S_DNA_damagebinding_protein_1
S.salar_ddb1_DNA_damagebinding_protein_1
S.salar_LOC106561926_DNA_damagebinding_protein_1_isoform_X1
G.aculeatus_ddb1_DNA_damagebinding_protein_1
D.rerio_ddb1_DNA_damagebinding_protein_1
G.aculeatus_sf3b3_splicing_factor_3B_subunit_3
G.gallus_SF3B3_splicing_factor_3B_subunit_3
S.salar_sf3b3_splicing_factor_3B_subunit_3
X.laevis_sf3b3.L_splicing_factor_3B_subunit_3
F.catus_SF3B3_splicing_factor_3B_subunit_3
E.caballus_SF3B3_splicing_factor_3B_subunit_3
H.sapiens_SF3B3_splicing_factor_3B_subunit_3
D.rerio_sf3b3_splicing_factor_3B_subunit_3
S.townsendi_SF3B3_splicing_factor_3B_subunit_3
X.laevis_sf3b3.S_splicing_factor_3B_subunit_3
C.mydas_SF3B3_splicing_factor_3B_subunit_3
C.carcharias_sf3b3_splicing_factor_3B_subunit_3
